<?xml version="1.0" encoding="UTF-8"?>
<!-- Generated by org.testng.reporters.JUnitReportReporter -->
<testsuite hostname="DESKTOP-RKOMUFV" failures="0" tests="3" name="com.day7.TestNGIntegration.com.SeleniumEasyTest" time="2.317" errors="0" timestamp="11 Aug 2021 07:51:21 GMT">
  <testcase classname="com.day7.TestNGIntegration.com.SeleniumEasyTest" name="TC_02VerifySingleInputField" time="0.400"/>
  <testcase classname="com.day7.TestNGIntegration.com.SeleniumEasyTest" name="TC_01VerifyDropdownClickOnValueAndInputDemoPageIsDisplayed" time="1.498"/>
  <testcase classname="com.day7.TestNGIntegration.com.SeleniumEasyTest" name="TC_03VerifyMultiInputField" time="0.419"/>
</testsuite> <!-- com.day7.TestNGIntegration.com.SeleniumEasyTest -->
