<?xml version="1.0" encoding="UTF-8"?>
<!-- Generated by org.testng.reporters.JUnitReportReporter -->
<testsuite hostname="DESKTOP-RKOMUFV" failures="0" tests="4" name="com.day7.TestNGAnotation.com.TestNGAnotetions" time="0.033" errors="0" timestamp="11 Aug 2021 03:26:16 GMT">
  <testcase classname="com.day7.TestNGAnotation.com.TestNGAnotetions" name="enterProductDetailsGrocery" time="0.009"/>
  <testcase classname="com.day7.TestNGAnotation.com.TestNGAnotetions" name="enterProductDetailsCloths" time="0.006"/>
  <testcase classname="com.day7.TestNGAnotation.com.TestNGAnotetions" name="clickOnProductDetailsTV" time="0.008"/>
  <testcase classname="com.day7.TestNGAnotation.com.TestNGAnotetions" name="clickOnProductDetailsComputer" time="0.010"/>
</testsuite> <!-- com.day7.TestNGAnotation.com.TestNGAnotetions -->
