<?xml version="1.0" encoding="UTF-8"?>
<!-- Generated by org.testng.reporters.JUnitReportReporter -->
<testsuite hostname="DESKTOP-RKOMUFV" failures="0" tests="9" name="com.Demo.com.SeleniumEasyAlertTest" time="2.544" errors="0" timestamp="12 Aug 2021 06:27:43 GMT">
  <testcase classname="com.Demo.com.SeleniumEasyAlertTest" name="TC_03ClickButtonAndVerifyAlertTextNormalSuccess" time="0.112"/>
  <testcase classname="com.Demo.com.SeleniumEasyAlertTest" name="TC_07ClickButtonAndVerifyAlertTextNormalDenger" time="0.107"/>
  <testcase classname="com.Demo.com.SeleniumEasyAlertTest" name="TC_08ClickButtonAndVerifyAlertTextAutoCloseINFO" time="0.105"/>
  <testcase classname="com.Demo.com.SeleniumEasyAlertTest" name="TC_09ClickButtonAndVerifyAlertTextNormalINFO" time="0.107"/>
  <testcase classname="com.Demo.com.SeleniumEasyAlertTest" name="TC_01verifyDropdownClickValueAndPageIsDesplayed" time="1.679"/>
  <testcase classname="com.Demo.com.SeleniumEasyAlertTest" name="TC_02ClickButtonAndVerifyAlertTextAutoCloseSuccess" time="0.115"/>
  <testcase classname="com.Demo.com.SeleniumEasyAlertTest" name="TC_05ClickButtonAndVerifyAlertTextNormalWarning" time="0.112"/>
  <testcase classname="com.Demo.com.SeleniumEasyAlertTest" name="TC_04ClickButtonAndVerifyAlertTextAutoCloseWarning" time="0.103"/>
  <testcase classname="com.Demo.com.SeleniumEasyAlertTest" name="TC_06ClickButtonAndVerifyAlertTextAutoCloseDenger" time="0.104"/>
</testsuite> <!-- com.Demo.com.SeleniumEasyAlertTest -->
