<?xml version="1.0" encoding="UTF-8"?>
<!-- Generated by org.testng.reporters.JUnitReportReporter -->
<testsuite hostname="DESKTOP-RKOMUFV" failures="0" tests="4" name="com.day9.com.SeleniumCheckBoxTest" time="0.774" errors="0" timestamp="12 Aug 2021 12:05:47 GMT">
  <testcase classname="com.day9.com.SeleniumCheckBoxTest" name="TC_01CheckBoxPageHeaderTextIsDisplayed" time="0.102"/>
  <testcase classname="com.day9.com.SeleniumCheckBoxTest" name="TC_03verifyResultOfSingleCheckBox" time="0.048"/>
  <testcase classname="com.day9.com.SeleniumCheckBoxTest" name="TC_02VerifyAndClickSingleCheckBox" time="0.180"/>
  <testcase classname="com.day9.com.SeleniumCheckBoxTest" name="TC_04VerifyAndMultipleCheckBoxes" time="0.444"/>
</testsuite> <!-- com.day9.com.SeleniumCheckBoxTest -->
