<?xml version="1.0" encoding="UTF-8"?>
<!-- Generated by org.testng.reporters.JUnitReportReporter -->
<testsuite hostname="DESKTOP-RKOMUFV" failures="0" tests="4" name="com.day9.com.SeleniumCheckBoxTest" time="0.991" errors="0" timestamp="12 Aug 2021 17:38:58 GMT">
  <testcase classname="com.day9.com.SeleniumCheckBoxTest" name="TC_02VerifyAndClickSingleCheckBox" time="0.192"/>
  <testcase classname="com.day9.com.SeleniumCheckBoxTest" name="TC_01CheckBoxPageHeaderTextIsDisplayed" time="0.112"/>
  <testcase classname="com.day9.com.SeleniumCheckBoxTest" name="TC_04VerifyAndClickMultipleCheckBoxes" time="0.640"/>
  <testcase classname="com.day9.com.SeleniumCheckBoxTest" name="TC_03verifyResultOfSingleCheckBox" time="0.047"/>
</testsuite> <!-- com.day9.com.SeleniumCheckBoxTest -->
