<?xml version="1.0" encoding="UTF-8"?>
<!-- Generated by org.testng.reporters.JUnitReportReporter -->
<testsuite hostname="DESKTOP-RKOMUFV" failures="0" tests="1" name="com.day7.TestNGIntegration.com.SeleniumDropDown" time="10.060" errors="0" timestamp="10 Aug 2021 07:57:41 GMT">
  <testcase classname="com.day7.TestNGIntegration.com.SeleniumDropDown" name="initilizeWebEnvirnment" time="10.060"/>
</testsuite> <!-- com.day7.TestNGIntegration.com.SeleniumDropDown -->
