<?xml version="1.0" encoding="UTF-8"?>
<!-- Generated by org.testng.reporters.JUnitReportReporter -->
<testsuite hostname="DESKTOP-RKOMUFV" failures="0" tests="3" name="com.day7.TestNGIntegration.com.SeleniumEasyPageTest" time="2.203" errors="0" timestamp="11 Aug 2021 07:20:32 GMT">
  <testcase classname="com.day7.TestNGIntegration.com.SeleniumEasyPageTest" name="TC_02VerifySingleInputField" time="0.364"/>
  <testcase classname="com.day7.TestNGIntegration.com.SeleniumEasyPageTest" name="TC_01VerifyDropdownClickOnValueAndInputDemoPageIsDisplayed" time="1.424"/>
  <testcase classname="com.day7.TestNGIntegration.com.SeleniumEasyPageTest" name="TC_03VerifyMultiInputField" time="0.415"/>
</testsuite> <!-- com.day7.TestNGIntegration.com.SeleniumEasyPageTest -->
