<?xml version="1.0" encoding="UTF-8"?>
<!-- Generated by org.testng.reporters.JUnitReportReporter -->
<testsuite hostname="DESKTOP-RKOMUFV" failures="0" tests="9" name="com.day8.com.SeleniumEasyAlertTest" time="2.724" errors="0" timestamp="12 Aug 2021 10:13:26 GMT">
  <testcase classname="com.day8.com.SeleniumEasyAlertTest" name="TC_03ClickButtonAndVerifyAlertTextNormalSuccess" time="0.116"/>
  <testcase classname="com.day8.com.SeleniumEasyAlertTest" name="TC_04ClickButtonAndVerifyAlertTextAutoCloseWarning" time="0.158"/>
  <testcase classname="com.day8.com.SeleniumEasyAlertTest" name="TC_02ClickButtonAndVerifyAlertTextAutoCloseSuccess" time="0.123"/>
  <testcase classname="com.day8.com.SeleniumEasyAlertTest" name="TC_06ClickButtonAndVerifyAlertTextAutoCloseDenger" time="0.128"/>
  <testcase classname="com.day8.com.SeleniumEasyAlertTest" name="TC_07ClickButtonAndVerifyAlertTextNormalDenger" time="0.153"/>
  <testcase classname="com.day8.com.SeleniumEasyAlertTest" name="TC_09ClickButtonAndVerifyAlertTextNormalINFO" time="0.142"/>
  <testcase classname="com.day8.com.SeleniumEasyAlertTest" name="TC_05ClickButtonAndVerifyAlertTextNormalWarning" time="0.160"/>
  <testcase classname="com.day8.com.SeleniumEasyAlertTest" name="TC_01verifyDropdownClickValueAndPageIsDesplayed" time="1.570"/>
  <testcase classname="com.day8.com.SeleniumEasyAlertTest" name="TC_08ClickButtonAndVerifyAlertTextAutoCloseINFO" time="0.174"/>
</testsuite> <!-- com.day8.com.SeleniumEasyAlertTest -->
