<?xml version="1.0" encoding="UTF-8"?>
<!-- Generated by org.testng.reporters.JUnitReportReporter -->
<testsuite hostname="DESKTOP-RKOMUFV" failures="0" tests="3" name="com.day7.TestNGIntegration.com.SeleniumEasyPageTest" time="2.062" errors="0" timestamp="10 Aug 2021 11:29:12 GMT">
  <testcase classname="com.day7.TestNGIntegration.com.SeleniumEasyPageTest" name="TC_01VerifyDropdownClickOnValueAndInputDemoPageIsDisplayed" time="1.284"/>
  <testcase classname="com.day7.TestNGIntegration.com.SeleniumEasyPageTest" name="TC_02VerifySingleInputField" time="0.360"/>
  <testcase classname="com.day7.TestNGIntegration.com.SeleniumEasyPageTest" name="TC_03VerifyMultiInputField" time="0.418"/>
</testsuite> <!-- com.day7.TestNGIntegration.com.SeleniumEasyPageTest -->
