<?xml version="1.0" encoding="UTF-8"?>
<!-- Generated by org.testng.reporters.JUnitReportReporter -->
<testsuite hostname="DESKTOP-RKOMUFV" failures="0" tests="9" name="com.day8.com.SeleniumEasyAlertTest" time="2.692" errors="0" timestamp="13 Aug 2021 03:22:20 GMT">
  <testcase classname="com.day8.com.SeleniumEasyAlertTest" name="TC_03ClickButtonAndVerifyAlertTextNormalSuccess" time="0.109"/>
  <testcase classname="com.day8.com.SeleniumEasyAlertTest" name="TC_09ClickButtonAndVerifyAlertTextNormalINFO" time="0.149"/>
  <testcase classname="com.day8.com.SeleniumEasyAlertTest" name="TC_06ClickButtonAndVerifyAlertTextAutoCloseDenger" time="0.132"/>
  <testcase classname="com.day8.com.SeleniumEasyAlertTest" name="TC_08ClickButtonAndVerifyAlertTextAutoCloseINFO" time="0.151"/>
  <testcase classname="com.day8.com.SeleniumEasyAlertTest" name="TC_01verifyDropdownClickValueAndPageIsDesplayed" time="1.561"/>
  <testcase classname="com.day8.com.SeleniumEasyAlertTest" name="TC_02ClickButtonAndVerifyAlertTextAutoCloseSuccess" time="0.122"/>
  <testcase classname="com.day8.com.SeleniumEasyAlertTest" name="TC_07ClickButtonAndVerifyAlertTextNormalDenger" time="0.133"/>
  <testcase classname="com.day8.com.SeleniumEasyAlertTest" name="TC_05ClickButtonAndVerifyAlertTextNormalWarning" time="0.152"/>
  <testcase classname="com.day8.com.SeleniumEasyAlertTest" name="TC_04ClickButtonAndVerifyAlertTextAutoCloseWarning" time="0.183"/>
</testsuite> <!-- com.day8.com.SeleniumEasyAlertTest -->
